        Event Balances ➜ Withdraw
          who: 5H3L1ivDSCnFbYgvoBbugqMJMU9AKVovn1njLapYumugnAq4
          amount: 50922434300
        Event System ➜ NewAccount
          account: 5GdtjcxjxvUVJgnzwaK4W6CBNiSKtBnmyB5LHKsyhU2Bbcka
        Event Balances ➜ Endowed
          account: 5GdtjcxjxvUVJgnzwaK4W6CBNiSKtBnmyB5LHKsyhU2Bbcka
          free_balance: 113000000000
        Event Balances ➜ Transfer
          from: 5H3L1ivDSCnFbYgvoBbugqMJMU9AKVovn1njLapYumugnAq4
          to: 5GdtjcxjxvUVJgnzwaK4W6CBNiSKtBnmyB5LHKsyhU2Bbcka
          amount: 113000000000
        Event Balances ➜ Reserved
          who: 5GdtjcxjxvUVJgnzwaK4W6CBNiSKtBnmyB5LHKsyhU2Bbcka
          amount: 113000000000
        Event System ➜ NewAccount
          account: 5EjzN5npa17kqsHbDB4QijpssFgPmUhoUsnEmg7dyPZkjFDG
        Event Balances ➜ Endowed
          account: 5EjzN5npa17kqsHbDB4QijpssFgPmUhoUsnEmg7dyPZkjFDG
          free_balance: 113000000000
        Event Balances ➜ Transfer
          from: 5H3L1ivDSCnFbYgvoBbugqMJMU9AKVovn1njLapYumugnAq4
          to: 5EjzN5npa17kqsHbDB4QijpssFgPmUhoUsnEmg7dyPZkjFDG
          amount: 113000000000
        Event Balances ➜ Reserved
          who: 5EjzN5npa17kqsHbDB4QijpssFgPmUhoUsnEmg7dyPZkjFDG
          amount: 113000000000
        Event Contracts ➜ Instantiated
          deployer: 5GdtjcxjxvUVJgnzwaK4W6CBNiSKtBnmyB5LHKsyhU2Bbcka
          contract: 5EjzN5npa17kqsHbDB4QijpssFgPmUhoUsnEmg7dyPZkjFDG
        Event Balances ➜ Transfer
          from: 5H3L1ivDSCnFbYgvoBbugqMJMU9AKVovn1njLapYumugnAq4
          to: 5EjzN5npa17kqsHbDB4QijpssFgPmUhoUsnEmg7dyPZkjFDG
          amount: 475000000000
        Event Balances ➜ Reserved
          who: 5EjzN5npa17kqsHbDB4QijpssFgPmUhoUsnEmg7dyPZkjFDG
          amount: 475000000000
        Event System ➜ NewAccount
          account: 5CVMVkV24VjLUmVkzKVDJkyqtpEsBCB2fxg1Lr9wCkCd5GeL
        Event Balances ➜ Endowed
          account: 5CVMVkV24VjLUmVkzKVDJkyqtpEsBCB2fxg1Lr9wCkCd5GeL
          free_balance: 113000000000
        Event Balances ➜ Transfer
          from: 5H3L1ivDSCnFbYgvoBbugqMJMU9AKVovn1njLapYumugnAq4
          to: 5CVMVkV24VjLUmVkzKVDJkyqtpEsBCB2fxg1Lr9wCkCd5GeL
          amount: 113000000000
        Event Balances ➜ Reserved
          who: 5CVMVkV24VjLUmVkzKVDJkyqtpEsBCB2fxg1Lr9wCkCd5GeL
          amount: 113000000000
        Event Contracts ➜ Instantiated
          deployer: 5GdtjcxjxvUVJgnzwaK4W6CBNiSKtBnmyB5LHKsyhU2Bbcka
          contract: 5CVMVkV24VjLUmVkzKVDJkyqtpEsBCB2fxg1Lr9wCkCd5GeL
        Event Balances ➜ Transfer
          from: 5H3L1ivDSCnFbYgvoBbugqMJMU9AKVovn1njLapYumugnAq4
          to: 5CVMVkV24VjLUmVkzKVDJkyqtpEsBCB2fxg1Lr9wCkCd5GeL
          amount: 133000000000
        Event Balances ➜ Reserved
          who: 5CVMVkV24VjLUmVkzKVDJkyqtpEsBCB2fxg1Lr9wCkCd5GeL
          amount: 133000000000
        Event Contracts ➜ Instantiated
          deployer: 5H3L1ivDSCnFbYgvoBbugqMJMU9AKVovn1njLapYumugnAq4
          contract: 5GdtjcxjxvUVJgnzwaK4W6CBNiSKtBnmyB5LHKsyhU2Bbcka
        Event Balances ➜ Transfer
          from: 5H3L1ivDSCnFbYgvoBbugqMJMU9AKVovn1njLapYumugnAq4
          to: 5GdtjcxjxvUVJgnzwaK4W6CBNiSKtBnmyB5LHKsyhU2Bbcka
          amount: 311000000000
        Event Balances ➜ Reserved
          who: 5GdtjcxjxvUVJgnzwaK4W6CBNiSKtBnmyB5LHKsyhU2Bbcka
          amount: 311000000000
        Event Balances ➜ Deposit
          who: 5H3L1ivDSCnFbYgvoBbugqMJMU9AKVovn1njLapYumugnAq4
          amount: 40965711444
        Event Balances ➜ Deposit
          who: 5EYCAe5fg5WiYGVNH6QpCFnu55Hzv9MwtjFHdQCx8EaSQTm2
          amount: 9956722856
        Event Treasury ➜ Deposit
          value: 9956722856
        Event TransactionPayment ➜ TransactionFeePaid
          who: 5H3L1ivDSCnFbYgvoBbugqMJMU9AKVovn1njLapYumugnAq4
          actual_fee: 9956722856
          tip: 0
        Event System ➜ ExtrinsicSuccess
          dispatch_info: DispatchInfo { weight: 9870424556, class: Normal, pays_fee: Yes }

     Contract 5EjzN5npa17kqsHbDB4QijpssFgPmUhoUsnEmg7dyPZkjFDG
